#
# There is insufficient memory for the Java Runtime Environment to continue.
# Native memory allocation (malloc) failed to allocate 1048576 bytes for AllocateHeap
# Possible reasons:
#   The system is out of physical RAM or swap space
#   The process is running with CompressedOops enabled, and the Java Heap may be blocking the growth of the native heap
# Possible solutions:
#   Reduce memory load on the system
#   Increase physical memory or swap space
#   Check if swap backing store is full
#   Decrease Java heap size (-Xmx/-Xms)
#   Decrease number of Java threads
#   Decrease Java thread stack sizes (-Xss)
#   Set larger code cache with -XX:ReservedCodeCacheSize=
#   JVM is running with Unscaled Compressed Oops mode in which the Java heap is
#     placed in the first 4GB address space. The Java Heap base address is the
#     maximum limit for the native heap growth. Please use -XX:HeapBaseMinAddress
#     to set the Java Heap base and to place the Java Heap above 4GB virtual address.
# This output file may be truncated or incomplete.
#
#  Out of Memory Error (memory/allocation.inline.hpp:61), pid=16232, tid=0x0000000000002900
#
# JRE version:  (8.0_242-b01) (build )
# Java VM: OpenJDK 64-Bit Server VM (25.242-b01 mixed mode windows-amd64 compressed oops)
# Failed to write core dump. Minidumps are not enabled by default on client versions of Windows
#

---------------  T H R E A D  ---------------

Current thread (0x000000000248e800):  JavaThread "Unknown thread" [_thread_in_vm, id=10496, stack(0x0000000002490000,0x0000000002590000)]

Stack: [0x0000000002490000,0x0000000002590000]
[error occurred during error reporting (printing stack bounds), id 0xc0000005]

Native frames: (J=compiled Java code, j=interpreted, Vv=VM code, C=native code)


---------------  P R O C E S S  ---------------

Java Threads: ( => current thread )

Other Threads:

=>0x000000000248e800 (exited) JavaThread "Unknown thread" [_thread_in_vm, id=10496, stack(0x0000000002490000,0x0000000002590000)]

VM state:not at safepoint (normal execution)

VM Mutex/Monitor currently owned by a thread: None

heap address: 0x00000000c8e00000, size: 882 MB, Compressed Oops mode: 32-bit
Narrow klass base: 0x0000000000000000, Narrow klass shift: 3
Compressed class space size: 1073741824 Address: 0x0000000100000000

Heap:
 PSYoungGen      total 16896K, used 296K [0x00000000eda00000, 0x00000000eec80000, 0x0000000100000000)
  eden space 14848K, 2% used [0x00000000eda00000,0x00000000eda4a3e0,0x00000000ee880000)
  from space 2048K, 0% used [0x00000000eea80000,0x00000000eea80000,0x00000000eec80000)
  to   space 2048K, 0% used [0x00000000ee880000,0x00000000ee880000,0x00000000eea80000)
 ParOldGen       total 38400K, used 0K [0x00000000c8e00000, 0x00000000cb380000, 0x00000000eda00000)
  object space 38400K, 0% used [0x00000000c8e00000,0x00000000c8e00000,0x00000000cb380000)
 Metaspace       used 779K, capacity 4480K, committed 4480K, reserved 1056768K
  class space    used 74K, capacity 384K, committed 384K, reserved 1048576K

Card table byte_map: [0x0000000011a50000,0x0000000011c10000] byte_map_base: 0x0000000011409000

Marking Bits: (ParMarkBitMap*) 0x0000000052f6f030
 Begin Bits: [0x0000000012540000, 0x0000000013308000)
 End Bits:   [0x0000000013308000, 0x00000000140d0000)

Polling page: 0x0000000000730000

CodeCache: size=245760Kb used=327Kb max_used=327Kb free=245432Kb
 bounds [0x0000000002690000, 0x0000000002900000, 0x0000000011690000]
 total_blobs=56 nmethods=0 adapters=38
 compilation: enabled

Compilation events (0 events):
No events

GC Heap History (0 events):
No events

Deoptimization events (0 events):
No events

Classes redefined (0 events):
No events

Internal exceptions (0 events):
No events

Events (10 events):
Event: 0.042 loading class java/lang/Short
Event: 0.042 loading class java/lang/Short done
Event: 0.042 loading class java/lang/Integer
Event: 0.043 loading class java/lang/Integer done
Event: 0.043 loading class java/lang/Long
Event: 0.043 loading class java/lang/Long done
Event: 0.045 loading class java/lang/NullPointerException
Event: 0.045 loading class java/lang/NullPointerException done
Event: 0.045 loading class java/lang/ArithmeticException
Event: 0.045 loading class java/lang/ArithmeticException done


Dynamic libraries:
0x00007ff6c09a0000 - 0x00007ff6c09d1000 	C:\Program Files\Android\Android Studio\jre\jre\bin\java.exe
0x00007fff44c50000 - 0x00007fff44e45000 	C:\WINDOWS\SYSTEM32\ntdll.dll
0x00007fff43230000 - 0x00007fff432ed000 	C:\WINDOWS\System32\KERNEL32.DLL
0x00007fff429e0000 - 0x00007fff42ca8000 	C:\WINDOWS\System32\KERNELBASE.dll
0x00007fff42d10000 - 0x00007fff42dbc000 	C:\WINDOWS\System32\ADVAPI32.dll
0x00007fff432f0000 - 0x00007fff4338e000 	C:\WINDOWS\System32\msvcrt.dll
0x00007fff43520000 - 0x00007fff435bb000 	C:\WINDOWS\System32\sechost.dll
0x00007fff435c0000 - 0x00007fff436eb000 	C:\WINDOWS\System32\RPCRT4.dll
0x00007fff43de0000 - 0x00007fff43f80000 	C:\WINDOWS\System32\USER32.dll
0x00007fff424a0000 - 0x00007fff424c2000 	C:\WINDOWS\System32\win32u.dll
0x00007fff43390000 - 0x00007fff433ba000 	C:\WINDOWS\System32\GDI32.dll
0x00007fff42390000 - 0x00007fff4249b000 	C:\WINDOWS\System32\gdi32full.dll
0x00007fff42710000 - 0x00007fff427ad000 	C:\WINDOWS\System32\msvcp_win.dll
0x00007fff42560000 - 0x00007fff42660000 	C:\WINDOWS\System32\ucrtbase.dll
0x00007fff33f70000 - 0x00007fff3420a000 	C:\WINDOWS\WinSxS\amd64_microsoft.windows.common-controls_6595b64144ccf1df_6.0.19041.844_none_ca00b6081b84eb1d\COMCTL32.dll
0x00007fff43070000 - 0x00007fff430a0000 	C:\WINDOWS\System32\IMM32.DLL
0x0000000051c50000 - 0x0000000051d22000 	C:\Program Files\Android\Android Studio\jre\jre\bin\msvcr100.dll
0x00000000527a0000 - 0x0000000052feb000 	C:\Program Files\Android\Android Studio\jre\jre\bin\server\jvm.dll
0x00007fff42e50000 - 0x00007fff42e58000 	C:\WINDOWS\System32\PSAPI.DLL
0x00007fff31dc0000 - 0x00007fff31de7000 	C:\WINDOWS\SYSTEM32\WINMM.dll
0x00007fff3c8a0000 - 0x00007fff3c8aa000 	C:\WINDOWS\SYSTEM32\VERSION.dll
0x00007fff36770000 - 0x00007fff36779000 	C:\WINDOWS\SYSTEM32\WSOCK32.dll
0x00007fff440e0000 - 0x00007fff4414b000 	C:\WINDOWS\System32\WS2_32.dll
0x00007fff3dbe0000 - 0x00007fff3dbef000 	C:\Program Files\Android\Android Studio\jre\jre\bin\verify.dll
0x00007fff38ff0000 - 0x00007fff39019000 	C:\Program Files\Android\Android Studio\jre\jre\bin\java.dll
0x00007fff39190000 - 0x00007fff391a6000 	C:\Program Files\Android\Android Studio\jre\jre\bin\zip.dll

VM Arguments:
java_command: org.jetbrains.kotlin.cli.jvm.K2JVMCompiler @C:\Users\Asus\Documents\TheMovie\app\build\20210427_1581600040738533097.compiler.options
java_class_path (initial): C:\Users\Asus\.gradle\caches\modules-2\files-2.1\org.jetbrains.kotlin\kotlin-compiler-embeddable\1.4.32\b4fc9be460ca88eecea2303e142ce2920bd14775\kotlin-compiler-embeddable-1.4.32.jar;C:\Users\Asus\.gradle\caches\modules-2\files-2.1\org.jetbrains.kotlin\kotlin-reflect\1.4.32\ce852b166d97f0f1991b5130c2bb02e2ef6c554e\kotlin-reflect-1.4.32.jar;C:\Users\Asus\.gradle\caches\modules-2\files-2.1\org.jetbrains.kotlin\kotlin-stdlib\1.4.32\461367948840adbb0839c51d91ed74ef4a9ccb52\kotlin-stdlib-1.4.32.jar;C:\Users\Asus\.gradle\caches\modules-2\files-2.1\org.jetbrains.kotlin\kotlin-script-runtime\1.4.32\bac50b0748be017dbc13fc1cb7231b1c9da0e106\kotlin-script-runtime-1.4.32.jar;C:\Users\Asus\.gradle\caches\modules-2\files-2.1\org.jetbrains.kotlin\kotlin-daemon-embeddable\1.4.32\b40c5de5adea26ebb4e5fc36945c482ac20acee2\kotlin-daemon-embeddable-1.4.32.jar;C:\Users\Asus\.gradle\caches\modules-2\files-2.1\org.jetbrains.intellij.deps\trove4j\1.0.20181211\216c2e14b070f334479d800987affe4054cd563f\trove4j-1.0.20181211.jar;C:\Users\Asus\.gradle\caches\modules-2\files-2.1\org.jetbrains.kotlin\kotlin-stdlib-common\1.4.32\ef50bfa2c0491a11dcc35d9822edbfd6170e1ea2\kotlin-stdlib-common-1.4.32.jar;C:\Users\Asus\.gradle\caches\modules-2\files-2.1\org.jetbrains\annotations\13.0\919f0dfe192fb4e063e7dacadee7f8bb9a2672a9\annotations-13.0.jar;C:\Program Files\Android\Android Studio\jre\lib\tools.jar
Launcher Type: SUN_STANDARD

Environment Variables:
JAVA_HOME=C:\Program Files\Java\jdk1.8.0_241
JRE_HOME=C:\Program Files\Java\jre1.8.0_241
PATH=C:\Windows\system32;C:\Windows;C:\Windows\System32\Wbem;C:\Windows\System32\WindowsPowerShell\v1.0\;C:\Windows\System32\OpenSSH\;C:\Program Files (x86)\NVIDIA Corporation\PhysX\Common;C:\Program Files\NVIDIA Corporation\NVIDIA NvDLISR;C:\Program Files\Git\cmd;C:\Program Files\PuTTY\;C:\Dart\dart-sdk\bin;C:\WINDOWS\system32;C:\WINDOWS;C:\WINDOWS\System32\Wbem;C:\WINDOWS\System32\WindowsPowerShell\v1.0\;C:\WINDOWS\System32\OpenSSH\;C:\Program Files\Java\jdk1.8.0_241\bin;C:\Program Files (x86)\Common Files\i2 Shared\Geotrans\;C:\Users\Asus\AppData\Local\Microsoft\WindowsApps;C:\flutter\bin;
USERNAME=Asus
OS=Windows_NT
PROCESSOR_IDENTIFIER=AMD64 Family 23 Model 24 Stepping 1, AuthenticAMD



---------------  S Y S T E M  ---------------

OS: Windows 10.0 , 64 bit Build 19041 (10.0.19041.928)

CPU:total 8 (initial active 8) (8 cores per cpu, 1 threads per core) family 23 model 24 stepping 1, cmov, cx8, fxsr, mmx, sse, sse2, sse3, ssse3, sse4.1, sse4.2, popcnt, avx, avx2, aes, clmul, mmxext, 3dnowpref, lzcnt, sse4a, tsc, tscinvbit, tscinv, bmi1

Memory: 4k page, physical 3605752k(193088k free), swap 14615800k(5292k free)

vm_info: OpenJDK 64-Bit Server VM (25.242-b01) for windows-amd64 JRE (1.8.0_242-release-1644-b01), built by "builder" with MS VC++ 10.0 (VS2010)

time: Tue Apr 27 19:07:40 2021
timezone: Malay Peninsula Standard Time
elapsed time: 0 seconds (0d 0h 0m 0s)

